<?xml version="1.0" encoding="UTF-8"?>
<!-- Generated by org.testng.reporters.JUnitReportReporter -->
<testsuite hostname="DESKTOP-HM27A8M" failures="0" tests="2" name="practice_maven.SampleTestNGTest_1" time="0.021" errors="0" timestamp="2023-01-18T22:24:45 IST" skipped="0">
  <testcase classname="practice_maven.SampleTestNGTest_1" name="simple1" time="0.016"/>
  <system-out/>
  <testcase classname="practice_maven.SampleTestNGTest_1" name="simple2" time="0.005"/>
  <system-out/>
</testsuite> <!-- practice_maven.SampleTestNGTest_1 -->
