<?xml version="1.0" encoding="UTF-8"?>
<!-- Generated by org.testng.reporters.JUnitReportReporter -->
<testsuite hostname="DESKTOP-HM27A8M" failures="0" tests="2" name="practice_maven.Create_Test" time="0.039" errors="0" timestamp="2023-01-16T17:10:20 IST" skipped="0">
  <testcase classname="practice_maven.Create_Test" name="create" time="0.033"/>
  <system-out/>
  <testcase classname="practice_maven.Create_Test" name="edited" time="0.006"/>
  <system-out/>
</testsuite> <!-- practice_maven.Create_Test -->
