<?xml version="1.0" encoding="UTF-8"?>
<!-- Generated by org.testng.reporters.JUnitReportReporter -->
<testsuite hostname="DESKTOP-HM27A8M" failures="0" tests="1" name="practice_maven.CreateTest" time="0.017" errors="0" timestamp="2023-01-18T13:19:52 IST" skipped="0">
  <testcase classname="practice_maven.CreateTest" name="createLogin" time="0.017"/>
  <system-out/>
</testsuite> <!-- practice_maven.CreateTest -->
